2021-08-24-21:19:16.040INFO [main]-org.springframework.boot.StartupInfoLogger:55 >> Starting ApiApplication using Java 1.8.0_131 on DESKTOP-OEKQMMV with PID 8648 (D:\DevelopmentTool\ide\ideaWorkSpace2\onlineMallX\api\target\classes started by user in D:\DevelopmentTool\ide\ideaWorkSpace2\onlineMallX)
2021-08-24-21:19:16.042INFO [main]-org.springframework.boot.SpringApplication:660 >> No active profile set, falling back to default profiles: default
2021-08-24-21:19:16.781INFO [main]-org.springframework.data.repository.config.RepositoryConfigurationDelegate:250 >> Multiple Spring Data modules found, entering strict repository configuration mode!
2021-08-24-21:19:16.784INFO [main]-org.springframework.data.repository.config.RepositoryConfigurationDelegate:128 >> Bootstrapping Spring Data Redis repositories in DEFAULT mode.
2021-08-24-21:19:16.821INFO [main]-org.springframework.data.repository.config.RepositoryConfigurationDelegate:188 >> Finished Spring Data repository scanning in 25 ms. Found 0 Redis repository interfaces.
2021-08-24-21:19:16.935WARN [main]-org.mybatis.logging.Logger:44 >> No MyBatis mapper was found in '[com.xhh]' package. Please check your configuration.
2021-08-24-21:19:17.152ERROR [main]-org.apache.juli.logging.DirectJDKLog:173 >> An incompatible version [1.1.24] of the Apache Tomcat Native library is installed, while Tomcat requires version [1.2.14]
2021-08-24-21:19:17.328INFO [main]-org.springframework.boot.web.embedded.tomcat.TomcatWebServer:108 >> Tomcat initialized with port(s): 8080 (http)
2021-08-24-21:19:17.338INFO [main]-org.apache.juli.logging.DirectJDKLog:173 >> Initializing ProtocolHandler ["http-nio-8080"]
2021-08-24-21:19:17.338INFO [main]-org.apache.juli.logging.DirectJDKLog:173 >> Starting service [Tomcat]
2021-08-24-21:19:17.338INFO [main]-org.apache.juli.logging.DirectJDKLog:173 >> Starting Servlet engine: [Apache Tomcat/9.0.41]
2021-08-24-21:19:17.417INFO [main]-org.apache.juli.logging.DirectJDKLog:173 >> Initializing Spring embedded WebApplicationContext
2021-08-24-21:19:17.417INFO [main]-org.springframework.boot.web.servlet.context.ServletWebServerApplicationContext:289 >> Root WebApplicationContext: initialization completed in 1328 ms
2021-08-24-21:19:17.487INFO [main]-com.alibaba.druid.spring.boot.autoconfigure.DruidDataSourceAutoConfigure:56 >> Init DruidDataSource
2021-08-24-21:19:17.592INFO [main]-com.alibaba.druid.pool.DruidDataSource:994 >> {dataSource-1} inited
2021-08-24-21:19:18.898INFO [main]-springfox.documentation.spring.web.PropertySourcedRequestMappingHandlerMapping:69 >> Mapped URL path [/v2/api-docs] onto method [springfox.documentation.swagger2.web.Swagger2Controller#getDocumentation(String, HttpServletRequest)]
2021-08-24-21:19:18.985INFO [main]-org.springframework.scheduling.concurrent.ExecutorConfigurationSupport:181 >> Initializing ExecutorService 'applicationTaskExecutor'
2021-08-24-21:19:19.108INFO [main]-tk.mybatis.mapper.autoconfigure.MapperCacheDisabler:60 >> Clear tk.mybatis.mapper.util.MsUtil CLASS_CACHE cache.
2021-08-24-21:19:19.109INFO [main]-tk.mybatis.mapper.autoconfigure.MapperCacheDisabler:60 >> Clear tk.mybatis.mapper.genid.GenIdUtil CACHE cache.
2021-08-24-21:19:19.109INFO [main]-tk.mybatis.mapper.autoconfigure.MapperCacheDisabler:60 >> Clear tk.mybatis.mapper.version.VersionUtil CACHE cache.
2021-08-24-21:19:19.109INFO [main]-tk.mybatis.mapper.autoconfigure.MapperCacheDisabler:83 >> Clear EntityHelper entityTableMap cache.
2021-08-24-21:19:19.239INFO [main]-org.quartz.impl.StdSchedulerFactory:1220 >> Using default implementation for ThreadExecutor
2021-08-24-21:19:19.250INFO [main]-org.quartz.core.SchedulerSignalerImpl:61 >> Initialized Scheduler Signaller of type: class org.quartz.core.SchedulerSignalerImpl
2021-08-24-21:19:19.251INFO [main]-org.quartz.core.QuartzScheduler:229 >> Quartz Scheduler v.2.3.2 created.
2021-08-24-21:19:19.251INFO [main]-org.quartz.simpl.RAMJobStore:155 >> RAMJobStore initialized.
2021-08-24-21:19:19.252INFO [main]-org.quartz.core.QuartzScheduler:294 >> Scheduler meta-data: Quartz Scheduler (v2.3.2) 'quartzScheduler' with instanceId 'NON_CLUSTERED'
  Scheduler class: 'org.quartz.core.QuartzScheduler' - running locally.
  NOT STARTED.
  Currently in standby mode.
  Number of jobs executed: 0
  Using thread pool 'org.quartz.simpl.SimpleThreadPool' - with 10 threads.
  Using job-store 'org.quartz.simpl.RAMJobStore' - which does not support persistence. and is not clustered.

2021-08-24-21:19:19.252INFO [main]-org.quartz.impl.StdSchedulerFactory:1374 >> Quartz scheduler 'quartzScheduler' initialized from an externally provided properties instance.
2021-08-24-21:19:19.252INFO [main]-org.quartz.impl.StdSchedulerFactory:1378 >> Quartz scheduler version: 2.3.2
2021-08-24-21:19:19.252INFO [main]-org.quartz.core.QuartzScheduler:2293 >> JobFactory set to: org.springframework.scheduling.quartz.SpringBeanJobFactory@513fab1e
2021-08-24-21:19:19.262INFO [main]-org.springframework.scheduling.concurrent.ExecutorConfigurationSupport:181 >> Initializing ExecutorService 'taskScheduler'
2021-08-24-21:19:19.318INFO [main]-org.apache.juli.logging.DirectJDKLog:173 >> Starting ProtocolHandler ["http-nio-8080"]
2021-08-24-21:19:19.341INFO [main]-org.springframework.boot.web.embedded.tomcat.TomcatWebServer:220 >> Tomcat started on port(s): 8080 (http) with context path ''
2021-08-24-21:19:19.342INFO [main]-springfox.documentation.spring.web.plugins.DocumentationPluginsBootstrapper:160 >> Context refreshed
2021-08-24-21:19:19.362INFO [main]-springfox.documentation.spring.web.plugins.DocumentationPluginsBootstrapper:163 >> Found 1 custom documentation plugin(s)
2021-08-24-21:19:19.392INFO [main]-springfox.documentation.spring.web.scanners.ApiListingReferenceScanner:41 >> Scanning for api listing references
2021-08-24-21:19:19.517INFO [main]-springfox.documentation.spring.web.readers.operation.CachingOperationNameGenerator:40 >> Generating unique operation named: listUsingGET_1
2021-08-24-21:19:19.520INFO [main]-springfox.documentation.spring.web.readers.operation.CachingOperationNameGenerator:40 >> Generating unique operation named: getProductCommentsCountUsingGET_1
2021-08-24-21:19:19.536INFO [main]-org.springframework.scheduling.quartz.SchedulerFactoryBean:727 >> Starting Quartz Scheduler now
2021-08-24-21:19:19.536INFO [main]-org.quartz.core.QuartzScheduler:547 >> Scheduler quartzScheduler_$_NON_CLUSTERED started.
2021-08-24-21:19:19.548INFO [main]-org.springframework.boot.StartupInfoLogger:61 >> Started ApiApplication in 3.887 seconds (JVM running for 4.746)
2021-08-24-21:19:29.299INFO [http-nio-8080-exec-2]-org.apache.juli.logging.DirectJDKLog:173 >> Initializing Spring DispatcherServlet 'dispatcherServlet'
2021-08-24-21:19:29.299INFO [http-nio-8080-exec-2]-org.springframework.web.servlet.FrameworkServlet:525 >> Initializing Servlet 'dispatcherServlet'
2021-08-24-21:19:29.300INFO [http-nio-8080-exec-2]-org.springframework.web.servlet.FrameworkServlet:547 >> Completed initialization in 1 ms
2021-08-24-21:19:29.331INFO [http-nio-8080-exec-1]-com.xhh.onlineMall.service.impl.IndexImgServiceImpl:36 >> 加载首页轮播图开始+++++++
2021-08-24-21:19:41.314INFO [http-nio-8080-exec-1]-com.xhh.onlineMall.service.impl.IndexImgServiceImpl:40 >> 加载首页轮播图成功+++++++redis
2021-08-24-21:19:54.231INFO [http-nio-8080-exec-5]-com.xhh.onlineMall.service.impl.IndexImgServiceImpl:36 >> 加载首页轮播图开始+++++++
2021-08-24-21:19:55.714INFO [http-nio-8080-exec-5]-com.xhh.onlineMall.service.impl.IndexImgServiceImpl:40 >> 加载首页轮播图成功+++++++redis
2021-08-24-21:20:08.550INFO [SpringContextShutdownHook]-org.quartz.core.QuartzScheduler:585 >> Scheduler quartzScheduler_$_NON_CLUSTERED paused.
2021-08-24-21:20:08.640INFO [SpringContextShutdownHook]-org.springframework.scheduling.concurrent.ExecutorConfigurationSupport:218 >> Shutting down ExecutorService 'taskScheduler'
2021-08-24-21:20:08.640INFO [SpringContextShutdownHook]-org.springframework.scheduling.quartz.SchedulerFactoryBean:845 >> Shutting down Quartz Scheduler
2021-08-24-21:20:08.640INFO [SpringContextShutdownHook]-org.quartz.core.QuartzScheduler:666 >> Scheduler quartzScheduler_$_NON_CLUSTERED shutting down.
2021-08-24-21:20:08.641INFO [SpringContextShutdownHook]-org.quartz.core.QuartzScheduler:585 >> Scheduler quartzScheduler_$_NON_CLUSTERED paused.
2021-08-24-21:20:08.641INFO [SpringContextShutdownHook]-org.quartz.core.QuartzScheduler:740 >> Scheduler quartzScheduler_$_NON_CLUSTERED shutdown complete.
2021-08-24-21:20:08.641INFO [SpringContextShutdownHook]-org.springframework.scheduling.concurrent.ExecutorConfigurationSupport:218 >> Shutting down ExecutorService 'applicationTaskExecutor'
2021-08-24-21:20:08.865INFO [SpringContextShutdownHook]-com.alibaba.druid.pool.DruidDataSource:2029 >> {dataSource-1} closing ...
2021-08-24-21:20:08.874INFO [SpringContextShutdownHook]-com.alibaba.druid.pool.DruidDataSource:2101 >> {dataSource-1} closed
