2021-08-22-23:03:27.045INFO [main]-org.springframework.boot.StartupInfoLogger:55 >> Starting ApiApplication using Java 1.8.0_131 on DESKTOP-OEKQMMV with PID 19440 (D:\DevelopmentTool\ide\ideaWorkSpace2\onlineMallX\api\target\classes started by user in D:\DevelopmentTool\ide\ideaWorkSpace2\onlineMallX)
2021-08-22-23:03:27.047INFO [main]-org.springframework.boot.SpringApplication:660 >> No active profile set, falling back to default profiles: default
2021-08-22-23:03:27.662WARN [main]-org.mybatis.logging.Logger:44 >> No MyBatis mapper was found in '[com.xhh]' package. Please check your configuration.
2021-08-22-23:03:27.766ERROR [main]-org.apache.juli.logging.DirectJDKLog:173 >> An incompatible version [1.1.24] of the Apache Tomcat Native library is installed, while Tomcat requires version [1.2.14]
2021-08-22-23:03:27.884INFO [main]-org.springframework.boot.web.embedded.tomcat.TomcatWebServer:108 >> Tomcat initialized with port(s): 8080 (http)
2021-08-22-23:03:27.890INFO [main]-org.apache.juli.logging.DirectJDKLog:173 >> Initializing ProtocolHandler ["http-nio-8080"]
2021-08-22-23:03:27.890INFO [main]-org.apache.juli.logging.DirectJDKLog:173 >> Starting service [Tomcat]
2021-08-22-23:03:27.890INFO [main]-org.apache.juli.logging.DirectJDKLog:173 >> Starting Servlet engine: [Apache Tomcat/9.0.41]
2021-08-22-23:03:27.943INFO [main]-org.apache.juli.logging.DirectJDKLog:173 >> Initializing Spring embedded WebApplicationContext
2021-08-22-23:03:27.943INFO [main]-org.springframework.boot.web.servlet.context.ServletWebServerApplicationContext:289 >> Root WebApplicationContext: initialization completed in 863 ms
2021-08-22-23:03:27.998INFO [main]-com.alibaba.druid.spring.boot.autoconfigure.DruidDataSourceAutoConfigure:56 >> Init DruidDataSource
2021-08-22-23:03:28.063INFO [main]-com.alibaba.druid.pool.DruidDataSource:994 >> {dataSource-1} inited
2021-08-22-23:03:28.874INFO [main]-springfox.documentation.spring.web.PropertySourcedRequestMappingHandlerMapping:69 >> Mapped URL path [/v2/api-docs] onto method [springfox.documentation.swagger2.web.Swagger2Controller#getDocumentation(String, HttpServletRequest)]
2021-08-22-23:03:28.930INFO [main]-org.springframework.scheduling.concurrent.ExecutorConfigurationSupport:181 >> Initializing ExecutorService 'applicationTaskExecutor'
2021-08-22-23:03:29.003INFO [main]-tk.mybatis.mapper.autoconfigure.MapperCacheDisabler:60 >> Clear tk.mybatis.mapper.util.MsUtil CLASS_CACHE cache.
2021-08-22-23:03:29.003INFO [main]-tk.mybatis.mapper.autoconfigure.MapperCacheDisabler:60 >> Clear tk.mybatis.mapper.genid.GenIdUtil CACHE cache.
2021-08-22-23:03:29.004INFO [main]-tk.mybatis.mapper.autoconfigure.MapperCacheDisabler:60 >> Clear tk.mybatis.mapper.version.VersionUtil CACHE cache.
2021-08-22-23:03:29.004INFO [main]-tk.mybatis.mapper.autoconfigure.MapperCacheDisabler:83 >> Clear EntityHelper entityTableMap cache.
2021-08-22-23:03:29.035INFO [main]-org.quartz.impl.StdSchedulerFactory:1220 >> Using default implementation for ThreadExecutor
2021-08-22-23:03:29.042INFO [main]-org.quartz.core.SchedulerSignalerImpl:61 >> Initialized Scheduler Signaller of type: class org.quartz.core.SchedulerSignalerImpl
2021-08-22-23:03:29.043INFO [main]-org.quartz.core.QuartzScheduler:229 >> Quartz Scheduler v.2.3.2 created.
2021-08-22-23:03:29.043INFO [main]-org.quartz.simpl.RAMJobStore:155 >> RAMJobStore initialized.
2021-08-22-23:03:29.044INFO [main]-org.quartz.core.QuartzScheduler:294 >> Scheduler meta-data: Quartz Scheduler (v2.3.2) 'quartzScheduler' with instanceId 'NON_CLUSTERED'
  Scheduler class: 'org.quartz.core.QuartzScheduler' - running locally.
  NOT STARTED.
  Currently in standby mode.
  Number of jobs executed: 0
  Using thread pool 'org.quartz.simpl.SimpleThreadPool' - with 10 threads.
  Using job-store 'org.quartz.simpl.RAMJobStore' - which does not support persistence. and is not clustered.

2021-08-22-23:03:29.044INFO [main]-org.quartz.impl.StdSchedulerFactory:1374 >> Quartz scheduler 'quartzScheduler' initialized from an externally provided properties instance.
2021-08-22-23:03:29.044INFO [main]-org.quartz.impl.StdSchedulerFactory:1378 >> Quartz scheduler version: 2.3.2
2021-08-22-23:03:29.044INFO [main]-org.quartz.core.QuartzScheduler:2293 >> JobFactory set to: org.springframework.scheduling.quartz.SpringBeanJobFactory@79e7188e
2021-08-22-23:03:29.048INFO [main]-org.springframework.scheduling.concurrent.ExecutorConfigurationSupport:181 >> Initializing ExecutorService 'taskScheduler'
2021-08-22-23:03:29.080INFO [main]-org.apache.juli.logging.DirectJDKLog:173 >> Starting ProtocolHandler ["http-nio-8080"]
2021-08-22-23:03:29.095INFO [main]-org.springframework.boot.web.embedded.tomcat.TomcatWebServer:220 >> Tomcat started on port(s): 8080 (http) with context path ''
2021-08-22-23:03:29.095INFO [main]-springfox.documentation.spring.web.plugins.DocumentationPluginsBootstrapper:160 >> Context refreshed
2021-08-22-23:03:29.107INFO [main]-springfox.documentation.spring.web.plugins.DocumentationPluginsBootstrapper:163 >> Found 1 custom documentation plugin(s)
2021-08-22-23:03:29.126INFO [main]-springfox.documentation.spring.web.scanners.ApiListingReferenceScanner:41 >> Scanning for api listing references
2021-08-22-23:03:29.221INFO [main]-springfox.documentation.spring.web.readers.operation.CachingOperationNameGenerator:40 >> Generating unique operation named: listUsingGET_1
2021-08-22-23:03:29.224INFO [main]-springfox.documentation.spring.web.readers.operation.CachingOperationNameGenerator:40 >> Generating unique operation named: getProductCommentsCountUsingGET_1
2021-08-22-23:03:29.235INFO [main]-org.springframework.scheduling.quartz.SchedulerFactoryBean:727 >> Starting Quartz Scheduler now
2021-08-22-23:03:29.235INFO [main]-org.quartz.core.QuartzScheduler:547 >> Scheduler quartzScheduler_$_NON_CLUSTERED started.
2021-08-22-23:03:29.243INFO [main]-org.springframework.boot.StartupInfoLogger:61 >> Started ApiApplication in 2.52 seconds (JVM running for 2.991)
